<?xml version="1.0" encoding="utf-8"?><testsuites name="pytest tests"><testsuite name="pytest" errors="0" failures="0" skipped="0" tests="144" time="6.822" timestamp="2026-06-09T11:21:53.550402+05:30" hostname="SiddharthOmen"><testcase classname="tests.test_crawler.TestCrawlUrlRedirects" name="test_no_redirect_returns_record" file="tests\test_crawler.py" line="29" time="0.120" /><testcase classname="tests.test_crawler.TestCrawlUrlRedirects" name="test_single_redirect_followed" file="tests\test_crawler.py" line="47" time="1.256" /><testcase classname="tests.test_crawler.TestCrawlUrlRedirects" name="test_redirect_chain_enforces_limit" file="tests\test_crawler.py" line="68" time="4.784" /><testcase classname="tests.test_crawler.TestCrawlUrlRedirects" name="test_redirect_to_private_ip_blocked" file="tests\test_crawler.py" line="85" time="0.003" /><testcase classname="tests.test_crawler.TestCrawlUrlRedirects" name="test_redirect_no_location_returns_none" file="tests\test_crawler.py" line="105" time="0.002" /><testcase classname="tests.test_crawler.TestCrawlUrlRedirects" name="test_non_200_returns_none" file="tests\test_crawler.py" line="119" time="0.002" /><testcase classname="tests.test_crawler.TestCrawlUrlRedirects" name="test_binary_content_skipped" file="tests\test_crawler.py" line="132" time="0.002" /><testcase classname="tests.test_crawler.TestCrawlUrlRedirects" name="test_request_exception_returns_none" file="tests\test_crawler.py" line="146" time="0.002" /><testcase classname="tests.test_crawler.TestCrawlUrlRedirects" name="test_size_limit_exceeded" file="tests\test_crawler.py" line="156" time="0.005" /><testcase classname="tests.test_crawler.TestCrawlUrlCircuitRotation" name="test_rotation_counter_increments" file="tests\test_crawler.py" line="174" time="0.002" /><testcase classname="tests.test_crawler.TestCrawlUrlCircuitRotation" name="test_rotation_triggered_at_interval" file="tests\test_crawler.py" line="190" time="0.003" /><testcase classname="tests.test_crawler.TestCrawlerGuard" name="test_tor_socket_check_pass" file="tests\test_crawler.py" line="208" time="0.038" /><testcase classname="tests.test_crawler.TestCrawlerGuard" name="test_tor_socket_check_fail" file="tests\test_crawler.py" line="223" time="0.001" /><testcase classname="tests.test_crawler.TestCrawlerGuard" name="test_tor_stem_check_bootstrap_not_100" file="tests\test_crawler.py" line="237" time="0.002" /><testcase classname="tests.test_crawler.TestCrawlerGuard" name="test_queue_reachable" file="tests\test_crawler.py" line="250" time="0.001" /><testcase classname="tests.test_crawler.TestCrawlerGuard" name="test_queue_unreachable" file="tests\test_crawler.py" line="260" time="0.001" /><testcase classname="tests.test_crawler.TestCrawlerGuard" name="test_halt_exits" file="tests\test_crawler.py" line="271" time="0.001" /><testcase classname="tests.test_crawler.TestRotateCircuit" name="test_rotate_calls_stem" file="tests\test_crawler.py" line="285" time="0.002" /><testcase classname="tests.test_crawler.TestRotateCircuit" name="test_rotate_handles_import_error" file="tests\test_crawler.py" line="295" time="0.001" /><testcase classname="tests.test_crawler.TestLoadSources" name="test_load_sources_parses_yaml" file="tests\test_crawler.py" line="303" time="0.003" /><testcase classname="tests.test_crawler.TestLoadSources" name="test_load_sources_empty" file="tests\test_crawler.py" line="325" time="0.002" /><testcase classname="tests.test_crawler.TestLoadSources" name="test_load_sources_filters_approved" file="tests\test_crawler.py" line="334" time="0.004" /><testcase classname="tests.test_models.TestCrawlTarget" name="test_valid_minimal" file="tests\test_models.py" line="21" time="0.000" /><testcase classname="tests.test_models.TestCrawlTarget" name="test_accepted_pending_status" file="tests\test_models.py" line="37" time="0.000" /><testcase classname="tests.test_models.TestCrawlTarget" name="test_accepted_retired_status" file="tests\test_models.py" line="48" time="0.000" /><testcase classname="tests.test_models.TestCrawlTarget" name="test_accepted_quarantined_status" file="tests\test_models.py" line="59" time="0.000" /><testcase classname="tests.test_models.TestCrawlTarget" name="test_rejects_invalid_status" file="tests\test_models.py" line="70" time="0.000" /><testcase classname="tests.test_models.TestCrawlTarget" name="test_allows_risk_level_low" file="tests\test_models.py" line="81" time="0.000" /><testcase classname="tests.test_models.TestCrawlTarget" name="test_allows_risk_level_high" file="tests\test_models.py" line="93" time="0.000" /><testcase classname="tests.test_models.TestCrawlTarget" name="test_rejects_invalid_risk_level" file="tests\test_models.py" line="105" time="0.000" /><testcase classname="tests.test_models.TestCrawlTarget" name="test_extra_fields_forbidden" file="tests\test_models.py" line="117" time="0.000" /><testcase classname="tests.test_models.TestCrawlTarget" name="test_all_fields_set" file="tests\test_models.py" line="129" time="0.000" /><testcase classname="tests.test_models.TestRawEvidenceRecord" name="test_generates_id" file="tests\test_models.py" line="148" time="0.000" /><testcase classname="tests.test_models.TestRawEvidenceRecord" name="test_sha256_required" file="tests\test_models.py" line="157" time="0.000" /><testcase classname="tests.test_models.TestRawEvidenceRecord" name="test_timestamp_defaults_to_now" file="tests\test_models.py" line="161" time="0.000" /><testcase classname="tests.test_models.TestRawEvidenceRecord" name="test_extra_fields_forbidden" file="tests\test_models.py" line="171" time="0.000" /><testcase classname="tests.test_models.TestSanitizedRecord" name="test_valid_record" file="tests\test_models.py" line="183" time="0.000" /><testcase classname="tests.test_models.TestSanitizedRecord" name="test_injection_patterns_defaults" file="tests\test_models.py" line="194" time="0.000" /><testcase classname="tests.test_models.TestSanitizedRecord" name="test_extra_fields_forbidden" file="tests\test_models.py" line="205" time="0.000" /><testcase classname="tests.test_models.TestAIClassificationOutput" name="test_valid_minimal" file="tests\test_models.py" line="219" time="0.000" /><testcase classname="tests.test_models.TestAIClassificationOutput" name="test_confidence_capped_at_one" file="tests\test_models.py" line="229" time="0.000" /><testcase classname="tests.test_models.TestAIClassificationOutput" name="test_confidence_min_zero" file="tests\test_models.py" line="238" time="0.000" /><testcase classname="tests.test_models.TestAIClassificationOutput" name="test_all_categories" file="tests\test_models.py" line="247" time="0.000" /><testcase classname="tests.test_models.TestAIClassificationOutput" name="test_summary_max_length_500" file="tests\test_models.py" line="264" time="0.000" /><testcase classname="tests.test_models.TestSourceReputation" name="test_default_scores" file="tests\test_models.py" line="275" time="0.000" /><testcase classname="tests.test_models.TestSourceReputation" name="test_scores_out_of_range" file="tests\test_models.py" line="283" time="0.000" /><testcase classname="tests.test_models.TestSourceReputation" name="test_extra_fields_forbidden" file="tests\test_models.py" line="289" time="0.000" /><testcase classname="tests.test_models.TestDiscoveredCandidate" name="test_default_status" file="tests\test_models.py" line="295" time="0.000" /><testcase classname="tests.test_models.TestDiscoveredCandidate" name="test_extra_fields_forbidden" file="tests\test_models.py" line="302" time="0.000" /><testcase classname="tests.test_models.TestAnalysisResult" name="test_confidence_default" file="tests\test_models.py" line="312" time="0.000" /><testcase classname="tests.test_models.TestAnalysisResult" name="test_mitre_ttps_can_be_set" file="tests\test_models.py" line="324" time="0.000" /><testcase classname="tests.test_models.TestAnalysisResult" name="test_extra_fields_forbidden" file="tests\test_models.py" line="333" time="0.000" /><testcase classname="tests.test_models.TestIntelligenceFinding" name="test_generates_finding_id" file="tests\test_models.py" line="344" time="0.000" /><testcase classname="tests.test_models.TestIntelligenceFinding" name="test_review_defaults" file="tests\test_models.py" line="355" time="0.000" /><testcase classname="tests.test_models.TestAuditEvent" name="test_valid_event" file="tests\test_models.py" line="370" time="0.000" /><testcase classname="tests.test_models.TestAuditEvent" name="test_extra_fields_forbidden" file="tests\test_models.py" line="376" time="0.000" /><testcase classname="tests.test_queue.TestQueueClientInit" name="test_creates_params" file="tests\test_queue.py" line="14" time="0.001" /><testcase classname="tests.test_queue.TestQueueClientInit" name="test_params_use_env_vars" file="tests\test_queue.py" line="22" time="0.001" /><testcase classname="tests.test_queue.TestQueueClientConnect" name="test_connect_creates_connection_and_channel" file="tests\test_queue.py" line="38" time="0.001" /><testcase classname="tests.test_queue.TestQueueClientConnect" name="test_reconnect_skips_if_already_open" file="tests\test_queue.py" line="54" time="0.001" /><testcase classname="tests.test_queue.TestQueueClientConnect" name="test_connect_declares_queues" file="tests\test_queue.py" line="68" time="0.001" /><testcase classname="tests.test_queue.TestQueueClientPublish" name="test_publish_sends_message" file="tests\test_queue.py" line="88" time="0.001" /><testcase classname="tests.test_queue.TestQueueClientPublish" name="test_publish_auto_connects" file="tests\test_queue.py" line="104" time="0.001" /><testcase classname="tests.test_queue.TestQueueClientPublish" name="test_publish_raises_if_no_channel" file="tests\test_queue.py" line="117" time="0.001" /><testcase classname="tests.test_queue.TestQueueClientStartConsumer" name="test_consumer_starts_consuming" file="tests\test_queue.py" line="128" time="0.002" /><testcase classname="tests.test_queue.TestQueueClientStartConsumer" name="test_consumer_ack_on_success" file="tests\test_queue.py" line="144" time="0.002" /><testcase classname="tests.test_queue.TestQueueClientStartConsumer" name="test_consumer_nack_on_failure" file="tests\test_queue.py" line="165" time="0.002" /><testcase classname="tests.test_queue.TestQueueClientClose" name="test_close_closes_connection" file="tests\test_queue.py" line="191" time="0.001" /><testcase classname="tests.test_queue.TestQueueClientClose" name="test_close_noop_if_no_connection" file="tests\test_queue.py" line="206" time="0.001" /><testcase classname="tests.test_sanitizer.TestProcessRawRecord" name="test_safe_parse_strips_dangerous_tags" file="tests\test_sanitizer.py" line="12" time="0.004" /><testcase classname="tests.test_sanitizer.TestProcessRawRecord" name="test_injection_gateway_still_runs" file="tests\test_sanitizer.py" line="35" time="0.002" /><testcase classname="tests.test_sanitizer.TestProcessRawRecord" name="test_output_structure" file="tests\test_sanitizer.py" line="56" time="0.002" /><testcase classname="tests.test_security.TestValidateUrl" name="test_valid_onion_url" file="tests\test_security.py" line="24" time="0.000" /><testcase classname="tests.test_security.TestValidateUrl" name="test_valid_https_onion" file="tests\test_security.py" line="27" time="0.000" /><testcase classname="tests.test_security.TestValidateUrl" name="test_blocked_scheme_file" file="tests\test_security.py" line="30" time="0.000" /><testcase classname="tests.test_security.TestValidateUrl" name="test_blocked_scheme_ftp" file="tests\test_security.py" line="34" time="0.000" /><testcase classname="tests.test_security.TestValidateUrl" name="test_blocked_scheme_javascript" file="tests\test_security.py" line="38" time="0.000" /><testcase classname="tests.test_security.TestValidateUrl" name="test_unknown_scheme" file="tests\test_security.py" line="42" time="0.000" /><testcase classname="tests.test_security.TestValidateUrl" name="test_no_hostname" file="tests\test_security.py" line="46" time="0.000" /><testcase classname="tests.test_security.TestValidateUrl" name="test_valid_clearnet_url" file="tests\test_security.py" line="50" time="0.001" /><testcase classname="tests.test_security.TestValidateUrl" name="test_ssrf_private_ip_blocked" file="tests\test_security.py" line="57" time="0.001" /><testcase classname="tests.test_security.TestValidateUrl" name="test_dns_failure" file="tests\test_security.py" line="63" time="0.000" /><testcase classname="tests.test_security.TestValidateUrl" name="test_missing_ipaddress_module" file="tests\test_security.py" line="69" time="0.000" /><testcase classname="tests.test_security.TestIsPrivateIp" name="test_loopback_v4" file="tests\test_security.py" line="76" time="0.000" /><testcase classname="tests.test_security.TestIsPrivateIp" name="test_private_10" file="tests\test_security.py" line="79" time="0.000" /><testcase classname="tests.test_security.TestIsPrivateIp" name="test_private_172_16" file="tests\test_security.py" line="82" time="0.000" /><testcase classname="tests.test_security.TestIsPrivateIp" name="test_private_192_168" file="tests\test_security.py" line="85" time="0.000" /><testcase classname="tests.test_security.TestIsPrivateIp" name="test_public_ip" file="tests\test_security.py" line="88" time="0.000" /><testcase classname="tests.test_security.TestIsPrivateIp" name="test_link_local_v4" file="tests\test_security.py" line="91" time="0.000" /><testcase classname="tests.test_security.TestIsPrivateIp" name="test_loopback_v6" file="tests\test_security.py" line="94" time="0.000" /><testcase classname="tests.test_security.TestIsPrivateIp" name="test_public_v6" file="tests\test_security.py" line="97" time="0.000" /><testcase classname="tests.test_security.TestIsPrivateIp" name="test_invalid_string" file="tests\test_security.py" line="100" time="0.000" /><testcase classname="tests.test_security.TestIsPrivateIp" name="test_0_0_0_0" file="tests\test_security.py" line="103" time="0.000" /><testcase classname="tests.test_security.TestIsPrivateIp" name="test_private_ranges_v4_has_minimal_coverage" file="tests\test_security.py" line="106" time="0.000" /><testcase classname="tests.test_security.TestIsPrivateIp" name="test_private_ranges_v6_has_loopback" file="tests\test_security.py" line="112" time="0.000" /><testcase classname="tests.test_security.TestIsPrivateIp" name="test_multicast_v4" file="tests\test_security.py" line="116" time="0.000" /><testcase classname="tests.test_security.TestIsPrivateIp" name="test_ula_v6" file="tests\test_security.py" line="119" time="0.000" /><testcase classname="tests.test_security.TestIsPrivateIp" name="test_link_local_v6" file="tests\test_security.py" line="122" time="0.000" /><testcase classname="tests.test_security.TestRedirectStatuses" name="test_has_301" file="tests\test_security.py" line="127" time="0.000" /><testcase classname="tests.test_security.TestRedirectStatuses" name="test_has_302" file="tests\test_security.py" line="130" time="0.000" /><testcase classname="tests.test_security.TestRedirectStatuses" name="test_has_303" file="tests\test_security.py" line="133" time="0.000" /><testcase classname="tests.test_security.TestRedirectStatuses" name="test_has_307" file="tests\test_security.py" line="136" time="0.000" /><testcase classname="tests.test_security.TestRedirectStatuses" name="test_has_308" file="tests\test_security.py" line="139" time="0.000" /><testcase classname="tests.test_security.TestRedirectStatuses" name="test_no_200" file="tests\test_security.py" line="142" time="0.000" /><testcase classname="tests.test_security.TestRedirectStatuses" name="test_no_404" file="tests\test_security.py" line="145" time="0.000" /><testcase classname="tests.test_security.TestAuditLog" name="test_writes_json_line" file="tests\test_security.py" line="150" time="0.008" /><testcase classname="tests.test_security.TestAuditLog" name="test_creates_directory" file="tests\test_security.py" line="165" time="0.002" /><testcase classname="tests.test_security.TestAuditLog" name="test_appends_to_existing" file="tests\test_security.py" line="173" time="0.007" /><testcase classname="tests.test_security.TestAuditLog" name="test_schema_matches_audit_event_model" file="tests\test_security.py" line="183" time="0.007" /><testcase classname="tests.test_security.TestAuditLog" name="test_severity_defaults_to_info" file="tests\test_security.py" line="199" time="0.010" /><testcase classname="tests.test_security.TestAuditLog" name="test_component_auto_detected" file="tests\test_security.py" line="208" time="0.007" /><testcase classname="tests.test_security.TestInjectionGateway" name="test_no_injection" file="tests\test_security.py" line="219" time="0.000" /><testcase classname="tests.test_security.TestInjectionGateway" name="test_detects_ignore_previous" file="tests\test_security.py" line="224" time="0.001" /><testcase classname="tests.test_security.TestInjectionGateway" name="test_detects_disregard" file="tests\test_security.py" line="229" time="0.001" /><testcase classname="tests.test_security.TestInjectionGateway" name="test_detects_script_tag" file="tests\test_security.py" line="233" time="0.001" /><testcase classname="tests.test_security.TestInjectionGateway" name="test_detects_javascript_protocol" file="tests\test_security.py" line="237" time="0.001" /><testcase classname="tests.test_security.TestInjectionGateway" name="test_detects_act_as" file="tests\test_security.py" line="241" time="0.001" /><testcase classname="tests.test_security.TestInjectionGateway" name="test_detects_new_instructions" file="tests\test_security.py" line="245" time="0.001" /><testcase classname="tests.test_security.TestInjectionGateway" name="test_case_insensitive" file="tests\test_security.py" line="249" time="0.001" /><testcase classname="tests.test_security.TestInjectionGateway" name="test_audit_log_on_detection" file="tests\test_security.py" line="253" time="0.007" /><testcase classname="tests.test_security.TestRandomizedHeaders" name="test_returns_dict" file="tests\test_security.py" line="265" time="0.000" /><testcase classname="tests.test_security.TestRandomizedHeaders" name="test_has_user_agent" file="tests\test_security.py" line="269" time="0.000" /><testcase classname="tests.test_security.TestRandomizedHeaders" name="test_user_agent_varies" file="tests\test_security.py" line="272" time="0.000" /><testcase classname="tests.test_security.TestRandomizedHeaders" name="test_has_accept_language" file="tests\test_security.py" line="276" time="0.000" /><testcase classname="tests.test_security.TestRandomizedHeaders" name="test_language_varies" file="tests\test_security.py" line="279" time="0.000" /><testcase classname="tests.test_security.TestRandomizedHeaders" name="test_has_accept_encoding" file="tests\test_security.py" line="283" time="0.000" /><testcase classname="tests.test_security.TestJitteredDelay" name="test_sleeps_with_jitter" file="tests\test_security.py" line="288" time="0.001" /><testcase classname="tests.test_security.TestJitteredDelay" name="test_minimum_delay" file="tests\test_security.py" line="294" time="0.001" /><testcase classname="tests.test_security.TestJitteredDelay" name="test_maximum_jitter" file="tests\test_security.py" line="300" time="0.001" /><testcase classname="tests.test_security.TestComputeIntelligenceConfidence" name="test_perfect_score" file="tests\test_security.py" line="308" time="0.000" /><testcase classname="tests.test_security.TestComputeIntelligenceConfidence" name="test_minimal_score" file="tests\test_security.py" line="312" time="0.000" /><testcase classname="tests.test_security.TestComputeIntelligenceConfidence" name="test_capped_at_one" file="tests\test_security.py" line="317" time="0.000" /><testcase classname="tests.test_security.TestComputeIntelligenceConfidence" name="test_returns_three_decimals" file="tests\test_security.py" line="321" time="0.000" /><testcase classname="tests.test_security.TestComputeSha256" name="test_known_hash" file="tests\test_security.py" line="328" time="0.000" /><testcase classname="tests.test_security.TestComputeSha256" name="test_empty_bytes" file="tests\test_security.py" line="332" time="0.000" /><testcase classname="tests.test_security.TestComputeSha256" name="test_unicode_bytes" file="tests\test_security.py" line="336" time="0.000" /><testcase classname="tests.test_security.TestMitreAttackMap" name="test_ransomware_maps_to_t1486" file="tests\test_security.py" line="343" time="0.000" /><testcase classname="tests.test_security.TestMitreAttackMap" name="test_malware_maps_to_t1059" file="tests\test_security.py" line="349" time="0.000" /><testcase classname="tests.test_security.TestMitreAttackMap" name="test_credential_leak_maps_to_t1003" file="tests\test_security.py" line="355" time="0.000" /><testcase classname="tests.test_security.TestMitreAttackMap" name="test_access_broker_maps_to_t1078" file="tests\test_security.py" line="361" time="0.000" /><testcase classname="tests.test_security.TestMitreAttackMap" name="test_scam_maps_to_t1566" file="tests\test_security.py" line="367" time="0.000" /><testcase classname="tests.test_security.TestMitreAttackMap" name="test_unknown_returns_empty" file="tests\test_security.py" line="373" time="0.000" /><testcase classname="tests.test_security.TestMitreAttackMap" name="test_data_leak_maps_to_t1003" file="tests\test_security.py" line="379" time="0.000" /><testcase classname="tests.test_security.TestMitreAttackMap" name="test_data_leak_and_credential_leak_both_t1003" file="tests\test_security.py" line="385" time="0.000" /></testsuite></testsuites>